

Microchip MPLAB XC8 Assembler V2.31 build 20201012212115 
                                                                                               Sun May 02 21:28:05 2021

Microchip MPLAB XC8 C Compiler v2.31 (Free license) build 20201012212115 Og1 
     1                           	processor	16F887
     2                           	pagewidth 120
     3                           	opt	flic
     4                           	psect	cinit,global,class=CODE,merge=1,delta=2
     5                           	psect	cstackCOMMON,global,class=COMMON,space=1,delta=1,noexec
     6                           	psect	maintext,global,class=CODE,split=1,delta=2
     7                           	psect	text1,local,class=CODE,merge=1,delta=2
     8                           	psect	text2,local,class=CODE,merge=1,delta=2
     9                           	psect	intentry,global,class=CODE,delta=2
    10                           	psect	config,global,abs,ovrld,class=CONFIG,space=4,delta=2,noexec
    11                           	dabs	1,0x7E,2
    12  0000                     
    13                           ; Version 2.20
    14                           ; Generated 12/02/2020 GMT
    15                           ; 
    16                           ; Copyright © 2020, Microchip Technology Inc. and its subsidiaries ("Microchip")
    17                           ; All rights reserved.
    18                           ; 
    19                           ; This software is developed by Microchip Technology Inc. and its subsidiaries ("Microch
      +                          ip").
    20                           ; 
    21                           ; Redistribution and use in source and binary forms, with or without modification, are
    22                           ; permitted provided that the following conditions are met:
    23                           ; 
    24                           ;     1. Redistributions of source code must retain the above copyright notice, this lis
      +                          t of
    25                           ;        conditions and the following disclaimer.
    26                           ; 
    27                           ;     2. Redistributions in binary form must reproduce the above copyright notice, this 
      +                          list
    28                           ;        of conditions and the following disclaimer in the documentation and/or other
    29                           ;        materials provided with the distribution.
    30                           ; 
    31                           ;     3. Microchip's name may not be used to endorse or promote products derived from th
      +                          is
    32                           ;        software without specific prior written permission.
    33                           ; 
    34                           ; THIS SOFTWARE IS PROVIDED BY MICROCHIP "AS IS" AND ANY EXPRESS OR IMPLIED WARRANTIES,
    35                           ; INCLUDING, BUT NOT LIMITED TO, THE IMPLIED WARRANTIES OF MERCHANTABILITY AND FITNESS F
      +                          OR
    36                           ; PURPOSE ARE DISCLAIMED.  IN NO EVENT SHALL MICROCHIP BE LIABLE FOR ANY DIRECT, INDIREC
      +                          T,
    37                           ; INCIDENTAL, SPECIAL, EXEMPLARY, OR CONSEQUENTIAL DAMAGES (INCLUDING BUT NOT LIMITED TO
    38                           ; PROCUREMENT OF SUBSTITUTE GOODS OR SERVICES; LOSS OF USE, DATA OR PROFITS; OR BUSINESS
    39                           ; INTERRUPTION) HOWSOEVER CAUSED AND ON ANY THEORY OF LIABILITY, WHETHER IN CONTRACT, ST
      +                          RICT
    40                           ; LIABILITY, OR TORT (INCLUDING NEGLIGENCE OR OTHERWISE) ARISING IN ANY WAY OUT OF THE U
      +                          SE OF
    41                           ; THIS SOFTWARE, EVEN IF ADVISED OF THE POSSIBILITY OF SUCH DAMAGE.
    42                           ; 
    43                           ; 
    44                           ; Code-generator required, PIC16F887 Definitions
    45                           ; 
    46                           ; SFR Addresses
    47  0000                     	;# 
    48  0001                     	;# 
    49  0002                     	;# 
    50  0003                     	;# 
    51  0004                     	;# 
    52  0005                     	;# 
    53  0006                     	;# 
    54  0007                     	;# 
    55  0008                     	;# 
    56  0009                     	;# 
    57  000A                     	;# 
    58  000B                     	;# 
    59  000C                     	;# 
    60  000D                     	;# 
    61  000E                     	;# 
    62  000E                     	;# 
    63  000F                     	;# 
    64  0010                     	;# 
    65  0011                     	;# 
    66  0012                     	;# 
    67  0013                     	;# 
    68  0014                     	;# 
    69  0015                     	;# 
    70  0015                     	;# 
    71  0016                     	;# 
    72  0017                     	;# 
    73  0018                     	;# 
    74  0019                     	;# 
    75  001A                     	;# 
    76  001B                     	;# 
    77  001B                     	;# 
    78  001C                     	;# 
    79  001D                     	;# 
    80  001E                     	;# 
    81  001F                     	;# 
    82  0081                     	;# 
    83  0085                     	;# 
    84  0086                     	;# 
    85  0087                     	;# 
    86  0088                     	;# 
    87  0089                     	;# 
    88  008C                     	;# 
    89  008D                     	;# 
    90  008E                     	;# 
    91  008F                     	;# 
    92  0090                     	;# 
    93  0091                     	;# 
    94  0092                     	;# 
    95  0093                     	;# 
    96  0093                     	;# 
    97  0093                     	;# 
    98  0094                     	;# 
    99  0095                     	;# 
   100  0096                     	;# 
   101  0097                     	;# 
   102  0098                     	;# 
   103  0099                     	;# 
   104  009A                     	;# 
   105  009B                     	;# 
   106  009C                     	;# 
   107  009D                     	;# 
   108  009E                     	;# 
   109  009F                     	;# 
   110  0105                     	;# 
   111  0107                     	;# 
   112  0108                     	;# 
   113  0109                     	;# 
   114  010C                     	;# 
   115  010C                     	;# 
   116  010D                     	;# 
   117  010E                     	;# 
   118  010F                     	;# 
   119  0185                     	;# 
   120  0187                     	;# 
   121  0188                     	;# 
   122  0189                     	;# 
   123  018C                     	;# 
   124  018D                     	;# 
   125  0000                     	;# 
   126  0001                     	;# 
   127  0002                     	;# 
   128  0003                     	;# 
   129  0004                     	;# 
   130  0005                     	;# 
   131  0006                     	;# 
   132  0007                     	;# 
   133  0008                     	;# 
   134  0009                     	;# 
   135  000A                     	;# 
   136  000B                     	;# 
   137  000C                     	;# 
   138  000D                     	;# 
   139  000E                     	;# 
   140  000E                     	;# 
   141  000F                     	;# 
   142  0010                     	;# 
   143  0011                     	;# 
   144  0012                     	;# 
   145  0013                     	;# 
   146  0014                     	;# 
   147  0015                     	;# 
   148  0015                     	;# 
   149  0016                     	;# 
   150  0017                     	;# 
   151  0018                     	;# 
   152  0019                     	;# 
   153  001A                     	;# 
   154  001B                     	;# 
   155  001B                     	;# 
   156  001C                     	;# 
   157  001D                     	;# 
   158  001E                     	;# 
   159  001F                     	;# 
   160  0081                     	;# 
   161  0085                     	;# 
   162  0086                     	;# 
   163  0087                     	;# 
   164  0088                     	;# 
   165  0089                     	;# 
   166  008C                     	;# 
   167  008D                     	;# 
   168  008E                     	;# 
   169  008F                     	;# 
   170  0090                     	;# 
   171  0091                     	;# 
   172  0092                     	;# 
   173  0093                     	;# 
   174  0093                     	;# 
   175  0093                     	;# 
   176  0094                     	;# 
   177  0095                     	;# 
   178  0096                     	;# 
   179  0097                     	;# 
   180  0098                     	;# 
   181  0099                     	;# 
   182  009A                     	;# 
   183  009B                     	;# 
   184  009C                     	;# 
   185  009D                     	;# 
   186  009E                     	;# 
   187  009F                     	;# 
   188  0105                     	;# 
   189  0107                     	;# 
   190  0108                     	;# 
   191  0109                     	;# 
   192  010C                     	;# 
   193  010C                     	;# 
   194  010D                     	;# 
   195  010E                     	;# 
   196  010F                     	;# 
   197  0185                     	;# 
   198  0187                     	;# 
   199  0188                     	;# 
   200  0189                     	;# 
   201  018C                     	;# 
   202  018D                     	;# 
   203  000B                     _INTCONbits	set	11
   204  0012                     _T2CONbits	set	18
   205  001D                     _CCP2CONbits	set	29
   206  001B                     _CCPR2L	set	27
   207  0017                     _CCP1CONbits	set	23
   208  001E                     _ADRESH	set	30
   209  0015                     _CCPR1L	set	21
   210  001F                     _ADCON0bits	set	31
   211  000C                     _PIR1bits	set	12
   212  008C                     _PIE1bits	set	140
   213  0092                     _PR2	set	146
   214  0087                     _TRISCbits	set	135
   215  009F                     _ADCON1bits	set	159
   216  008F                     _OSCCONbits	set	143
   217  0087                     _TRISC	set	135
   218  0089                     _TRISE	set	137
   219  009E                     _ADRESL	set	158
   220  0189                     _ANSELH	set	393
   221  0188                     _ANSEL	set	392
   222                           
   223                           	psect	cinit
   224  000F                     start_initialization:	
   225                           ; #config settings
   226                           
   227  000F                     __initialization:
   228  000F                     end_of_initialization:	
   229                           ;End of C runtime variable initialization code
   230                           
   231  000F                     __end_of__initialization:
   232  000F  0183               	clrf	3
   233  0010  120A  118A  28C4   	ljmp	_main	;jump to C main() function
   234                           
   235                           	psect	cstackCOMMON
   236  0070                     __pcstackCOMMON:
   237  0070                     ?_setup:
   238  0070                     ?_isr:	
   239                           ; 1 bytes @ 0x0
   240                           
   241  0070                     ??_isr:	
   242                           ; 1 bytes @ 0x0
   243                           
   244  0070                     ?_main:	
   245                           ; 1 bytes @ 0x0
   246                           
   247                           
   248                           ; 1 bytes @ 0x0
   249  0070                     	ds	4
   250  0074                     ??_setup:
   251                           
   252                           ; 1 bytes @ 0x4
   253  0074                     	ds	1
   254  0075                     ??_main:
   255                           
   256                           ; 1 bytes @ 0x5
   257  0075                     	ds	1
   258                           
   259                           	psect	maintext
   260  00C4                     __pmaintext:	
   261 ;;
   262 ;;Main: autosize = 0, tempsize = 1, incstack = 0, save=0
   263 ;;
   264 ;; *************** function _main *****************
   265 ;; Defined at:
   266 ;;		line 88 in file "Lab09.c"
   267 ;; Parameters:    Size  Location     Type
   268 ;;		None
   269 ;; Auto vars:     Size  Location     Type
   270 ;;		None
   271 ;; Return value:  Size  Location     Type
   272 ;;                  1    wreg      void 
   273 ;; Registers used:
   274 ;;		wreg, status,2, status,0, pclath, cstack
   275 ;; Tracked objects:
   276 ;;		On entry : B00/0
   277 ;;		On exit  : 0/0
   278 ;;		Unchanged: 0/0
   279 ;; Data sizes:     COMMON   BANK0   BANK1   BANK3   BANK2
   280 ;;      Params:         0       0       0       0       0
   281 ;;      Locals:         0       0       0       0       0
   282 ;;      Temps:          1       0       0       0       0
   283 ;;      Totals:         1       0       0       0       0
   284 ;;Total ram usage:        1 bytes
   285 ;; Hardware stack levels required when called:    2
   286 ;; This function calls:
   287 ;;		_setup
   288 ;; This function is called by:
   289 ;;		Startup code after reset
   290 ;; This function uses a non-reentrant model
   291 ;;
   292                           
   293                           
   294                           ;psect for function _main
   295  00C4                     _main:
   296  00C4                     l725:	
   297                           ;incstack = 0
   298                           ; Regs used in _main: [wreg+status,2+status,0+pclath+cstack]
   299                           
   300                           
   301                           ;Lab09.c: 89:     setup();
   302  00C4  120A  118A  2073  120A  118A  	fcall	_setup
   303  00C9                     l727:
   304                           
   305                           ;Lab09.c: 92:         if(ADCON0bits.GO == 0){
   306  00C9  1283               	bcf	3,5	;RP0=0, select bank0
   307  00CA  1303               	bcf	3,6	;RP1=0, select bank0
   308  00CB  189F               	btfsc	31,1	;volatile
   309  00CC  28CE               	goto	u61
   310  00CD  28CF               	goto	u60
   311  00CE                     u61:
   312  00CE  28C9               	goto	l727
   313  00CF                     u60:
   314  00CF                     l729:
   315                           
   316                           ;Lab09.c: 93:             if(ADCON0bits.CHS == 5)
   317  00CF  0C1F               	rrf	31,w	;volatile
   318  00D0  00F5               	movwf	??_main
   319  00D1  0C75               	rrf	??_main,w
   320  00D2  390F               	andlw	15
   321  00D3  3A05               	xorlw	5
   322  00D4  1D03               	skipz
   323  00D5  28D7               	goto	u71
   324  00D6  28D8               	goto	u70
   325  00D7                     u71:
   326  00D7  28DD               	goto	l733
   327  00D8                     u70:
   328  00D8                     l731:
   329                           
   330                           ;Lab09.c: 94:                 ADCON0bits.CHS = 6;
   331  00D8  081F               	movf	31,w	;volatile
   332  00D9  39C3               	andlw	-61
   333  00DA  3818               	iorlw	24
   334  00DB  009F               	movwf	31	;volatile
   335  00DC  28E1               	goto	l735
   336  00DD                     l733:
   337                           
   338                           ;Lab09.c: 97:             ADCON0bits.CHS = 5;
   339  00DD  081F               	movf	31,w	;volatile
   340  00DE  39C3               	andlw	-61
   341  00DF  3814               	iorlw	20
   342  00E0  009F               	movwf	31	;volatile
   343  00E1                     l735:
   344                           
   345                           ;Lab09.c: 99:             _delay((unsigned long)((50)*(8000000/4000000.0)));
   346  00E1  3021               	movlw	33
   347  00E2  00F5               	movwf	??_main
   348  00E3                     u87:
   349  00E3  0BF5               	decfsz	??_main,f
   350  00E4  28E3               	goto	u87
   351  00E5                     l737:
   352                           
   353                           ;Lab09.c: 100:             ADCON0bits.GO = 1;
   354  00E5  1283               	bcf	3,5	;RP0=0, select bank0
   355  00E6  1303               	bcf	3,6	;RP1=0, select bank0
   356  00E7  149F               	bsf	31,1	;volatile
   357  00E8  28C9               	goto	l727
   358  00E9  120A  118A  280C   	ljmp	start
   359  00EC                     __end_of_main:
   360                           
   361                           	psect	text1
   362  0073                     __ptext1:	
   363 ;; *************** function _setup *****************
   364 ;; Defined at:
   365 ;;		line 107 in file "Lab09.c"
   366 ;; Parameters:    Size  Location     Type
   367 ;;		None
   368 ;; Auto vars:     Size  Location     Type
   369 ;;		None
   370 ;; Return value:  Size  Location     Type
   371 ;;                  1    wreg      void 
   372 ;; Registers used:
   373 ;;		wreg, status,2, status,0
   374 ;; Tracked objects:
   375 ;;		On entry : 0/0
   376 ;;		On exit  : 0/0
   377 ;;		Unchanged: 0/0
   378 ;; Data sizes:     COMMON   BANK0   BANK1   BANK3   BANK2
   379 ;;      Params:         0       0       0       0       0
   380 ;;      Locals:         0       0       0       0       0
   381 ;;      Temps:          1       0       0       0       0
   382 ;;      Totals:         1       0       0       0       0
   383 ;;Total ram usage:        1 bytes
   384 ;; Hardware stack levels used:    1
   385 ;; Hardware stack levels required when called:    1
   386 ;; This function calls:
   387 ;;		Nothing
   388 ;; This function is called by:
   389 ;;		_main
   390 ;; This function uses a non-reentrant model
   391 ;;
   392                           
   393                           
   394                           ;psect for function _setup
   395  0073                     _setup:
   396  0073                     l659:	
   397                           ;incstack = 0
   398                           ; Regs used in _setup: [wreg+status,2+status,0]
   399                           
   400                           
   401                           ;Lab09.c: 109:     ANSEL = 0b01100000;
   402  0073  3060               	movlw	96
   403  0074  1683               	bsf	3,5	;RP0=1, select bank3
   404  0075  1703               	bsf	3,6	;RP1=1, select bank3
   405  0076  0088               	movwf	8	;volatile
   406  0077                     l661:
   407                           
   408                           ;Lab09.c: 110:     ANSELH = 0x00;
   409  0077  0189               	clrf	9	;volatile
   410  0078                     l663:
   411                           
   412                           ;Lab09.c: 113:     TRISE = 0x03;
   413  0078  3003               	movlw	3
   414  0079  1683               	bsf	3,5	;RP0=1, select bank1
   415  007A  1303               	bcf	3,6	;RP1=0, select bank1
   416  007B  0089               	movwf	9	;volatile
   417                           
   418                           ;Lab09.c: 114:     TRISC = 0x00;
   419  007C  0187               	clrf	7	;volatile
   420  007D                     l665:
   421                           
   422                           ;Lab09.c: 117:     OSCCONbits.IRCF2 = 1;
   423  007D  170F               	bsf	15,6	;volatile
   424  007E                     l667:
   425                           
   426                           ;Lab09.c: 118:     OSCCONbits.IRCF1 = 1;
   427  007E  168F               	bsf	15,5	;volatile
   428  007F                     l669:
   429                           
   430                           ;Lab09.c: 119:     OSCCONbits.IRCF0 = 1;
   431  007F  160F               	bsf	15,4	;volatile
   432  0080                     l671:
   433                           
   434                           ;Lab09.c: 120:     OSCCONbits.SCS = 1;
   435  0080  140F               	bsf	15,0	;volatile
   436  0081                     l673:
   437                           
   438                           ;Lab09.c: 123:     ADCON1bits.ADFM = 0;
   439  0081  139F               	bcf	31,7	;volatile
   440  0082                     l675:
   441                           
   442                           ;Lab09.c: 124:     ADCON1bits.VCFG0 = 0;
   443  0082  121F               	bcf	31,4	;volatile
   444  0083                     l677:
   445                           
   446                           ;Lab09.c: 125:     ADCON1bits.VCFG1 = 0;
   447  0083  129F               	bcf	31,5	;volatile
   448  0084                     l679:
   449                           
   450                           ;Lab09.c: 126:     ADCON0bits.ADCS = 0b10;
   451  0084  1283               	bcf	3,5	;RP0=0, select bank0
   452  0085  1303               	bcf	3,6	;RP1=0, select bank0
   453  0086  081F               	movf	31,w	;volatile
   454  0087  393F               	andlw	-193
   455  0088  3880               	iorlw	128
   456  0089  009F               	movwf	31	;volatile
   457  008A                     l681:
   458                           
   459                           ;Lab09.c: 127:     ADCON0bits.CHS = 5;
   460  008A  081F               	movf	31,w	;volatile
   461  008B  39C3               	andlw	-61
   462  008C  3814               	iorlw	20
   463  008D  009F               	movwf	31	;volatile
   464  008E                     l683:
   465                           
   466                           ;Lab09.c: 128:     _delay((unsigned long)((50)*(8000000/4000000.0)));
   467  008E  3021               	movlw	33
   468  008F  00F4               	movwf	??_setup
   469  0090                     u97:
   470  0090  0BF4               	decfsz	??_setup,f
   471  0091  2890               	goto	u97
   472  0092                     l685:
   473                           
   474                           ;Lab09.c: 129:     ADCON0bits.ADON = 1;
   475  0092  1283               	bcf	3,5	;RP0=0, select bank0
   476  0093  1303               	bcf	3,6	;RP1=0, select bank0
   477  0094  141F               	bsf	31,0	;volatile
   478  0095                     l687:
   479                           
   480                           ;Lab09.c: 132:     TRISCbits.TRISC2 = 1;
   481  0095  1683               	bsf	3,5	;RP0=1, select bank1
   482  0096  1303               	bcf	3,6	;RP1=0, select bank1
   483  0097  1507               	bsf	7,2	;volatile
   484  0098                     l689:
   485                           
   486                           ;Lab09.c: 133:     TRISCbits.TRISC1 = 1;
   487  0098  1487               	bsf	7,1	;volatile
   488  0099                     l691:
   489                           
   490                           ;Lab09.c: 134:     PR2 = 255;
   491  0099  30FF               	movlw	255
   492  009A  0092               	movwf	18	;volatile
   493  009B                     l693:
   494                           
   495                           ;Lab09.c: 135:     CCP1CONbits.P1M = 0;
   496  009B  303F               	movlw	-193
   497  009C  1283               	bcf	3,5	;RP0=0, select bank0
   498  009D  1303               	bcf	3,6	;RP1=0, select bank0
   499  009E  0597               	andwf	23,f	;volatile
   500  009F                     l695:
   501                           
   502                           ;Lab09.c: 136:     CCP1CONbits.CCP1M = 0b1100;
   503  009F  0817               	movf	23,w	;volatile
   504  00A0  39F0               	andlw	-16
   505  00A1  380C               	iorlw	12
   506  00A2  0097               	movwf	23	;volatile
   507  00A3                     l697:
   508                           
   509                           ;Lab09.c: 137:     CCP2CONbits.CCP2M = 0b1100;
   510  00A3  081D               	movf	29,w	;volatile
   511  00A4  39F0               	andlw	-16
   512  00A5  380C               	iorlw	12
   513  00A6  009D               	movwf	29	;volatile
   514  00A7                     l699:
   515                           
   516                           ;Lab09.c: 138:     CCPR1L = 0x0f;
   517  00A7  300F               	movlw	15
   518  00A8  0095               	movwf	21	;volatile
   519  00A9                     l701:
   520                           
   521                           ;Lab09.c: 139:     CCPR2L = 0x0f;
   522  00A9  300F               	movlw	15
   523  00AA  009B               	movwf	27	;volatile
   524  00AB                     l703:
   525                           
   526                           ;Lab09.c: 140:     CCP1CONbits.DC1B = 0;
   527  00AB  30CF               	movlw	-49
   528  00AC  0597               	andwf	23,f	;volatile
   529  00AD                     l705:
   530                           
   531                           ;Lab09.c: 141:     CCP2CONbits.DC2B0 = 0;
   532  00AD  121D               	bcf	29,4	;volatile
   533  00AE                     l707:
   534                           
   535                           ;Lab09.c: 142:     CCP2CONbits.DC2B1 = 0;
   536  00AE  129D               	bcf	29,5	;volatile
   537  00AF                     l709:
   538                           
   539                           ;Lab09.c: 145:     PIR1bits.TMR2IF = 0;
   540  00AF  108C               	bcf	12,1	;volatile
   541  00B0                     l711:
   542                           
   543                           ;Lab09.c: 146:     T2CONbits.T2CKPS = 0b11;
   544  00B0  3003               	movlw	3
   545  00B1  0492               	iorwf	18,f	;volatile
   546  00B2                     l713:
   547                           
   548                           ;Lab09.c: 147:     T2CONbits.TMR2ON = 1;
   549  00B2  1512               	bsf	18,2	;volatile
   550  00B3                     l64:	
   551                           ;Lab09.c: 149:     while(PIR1bits.TMR2IF == 0);
   552                           
   553  00B3  1C8C               	btfss	12,1	;volatile
   554  00B4  28B6               	goto	u11
   555  00B5  28B7               	goto	u10
   556  00B6                     u11:
   557  00B6  28B3               	goto	l64
   558  00B7                     u10:
   559  00B7                     l66:
   560                           
   561                           ;Lab09.c: 150:     PIR1bits.TMR2IF = 0;
   562  00B7  108C               	bcf	12,1	;volatile
   563                           
   564                           ;Lab09.c: 151:     TRISCbits.TRISC2 = 0;
   565  00B8  1683               	bsf	3,5	;RP0=1, select bank1
   566  00B9  1303               	bcf	3,6	;RP1=0, select bank1
   567  00BA  1107               	bcf	7,2	;volatile
   568                           
   569                           ;Lab09.c: 152:     TRISCbits.TRISC1 = 0;
   570  00BB  1087               	bcf	7,1	;volatile
   571                           
   572                           ;Lab09.c: 155:     INTCONbits.GIE = 1;
   573  00BC  178B               	bsf	11,7	;volatile
   574                           
   575                           ;Lab09.c: 156:     INTCONbits.PEIE = 1;
   576  00BD  170B               	bsf	11,6	;volatile
   577                           
   578                           ;Lab09.c: 157:     PIE1bits.ADIE = 1;
   579  00BE  170C               	bsf	12,6	;volatile
   580                           
   581                           ;Lab09.c: 158:     PIR1bits.ADIF = 0;
   582  00BF  1283               	bcf	3,5	;RP0=0, select bank0
   583  00C0  1303               	bcf	3,6	;RP1=0, select bank0
   584  00C1  130C               	bcf	12,6	;volatile
   585                           
   586                           ;Lab09.c: 160:     ADCON0bits.GO = 1;
   587  00C2  149F               	bsf	31,1	;volatile
   588  00C3                     l67:
   589  00C3  0008               	return
   590  00C4                     __end_of_setup:
   591                           
   592                           	psect	text2
   593  0013                     __ptext2:	
   594 ;; *************** function _isr *****************
   595 ;; Defined at:
   596 ;;		line 67 in file "Lab09.c"
   597 ;; Parameters:    Size  Location     Type
   598 ;;		None
   599 ;; Auto vars:     Size  Location     Type
   600 ;;		None
   601 ;; Return value:  Size  Location     Type
   602 ;;                  1    wreg      void 
   603 ;; Registers used:
   604 ;;		wreg, status,2, status,0
   605 ;; Tracked objects:
   606 ;;		On entry : 0/0
   607 ;;		On exit  : 0/0
   608 ;;		Unchanged: 0/0
   609 ;; Data sizes:     COMMON   BANK0   BANK1   BANK3   BANK2
   610 ;;      Params:         0       0       0       0       0
   611 ;;      Locals:         0       0       0       0       0
   612 ;;      Temps:          4       0       0       0       0
   613 ;;      Totals:         4       0       0       0       0
   614 ;;Total ram usage:        4 bytes
   615 ;; Hardware stack levels used:    1
   616 ;; This function calls:
   617 ;;		Nothing
   618 ;; This function is called by:
   619 ;;		Interrupt level 1
   620 ;; This function uses a non-reentrant model
   621 ;;
   622                           
   623                           
   624                           ;psect for function _isr
   625  0013                     _isr:
   626  0013                     i1l715:
   627                           
   628                           ;Lab09.c: 69:  if(PIR1bits.ADIF == 1){
   629  0013  1283               	bcf	3,5	;RP0=0, select bank0
   630  0014  1303               	bcf	3,6	;RP1=0, select bank0
   631  0015  1F0C               	btfss	12,6	;volatile
   632  0016  2818               	goto	u2_21
   633  0017  2819               	goto	u2_20
   634  0018                     u2_21:
   635  0018  286C               	goto	i1l50
   636  0019                     u2_20:
   637  0019                     i1l717:
   638                           
   639                           ;Lab09.c: 71:         PIR1bits.ADIF = 0;
   640  0019  130C               	bcf	12,6	;volatile
   641  001A                     i1l719:
   642                           
   643                           ;Lab09.c: 73:         if(ADCON0bits.CHS == 5){
   644  001A  0C1F               	rrf	31,w	;volatile
   645  001B  00F0               	movwf	??_isr
   646  001C  0C70               	rrf	??_isr,w
   647  001D  390F               	andlw	15
   648  001E  3A05               	xorlw	5
   649  001F  1D03               	skipz
   650  0020  2822               	goto	u3_21
   651  0021  2823               	goto	u3_20
   652  0022                     u3_21:
   653  0022  2848               	goto	i1l723
   654  0023                     u3_20:
   655  0023                     i1l721:
   656                           
   657                           ;Lab09.c: 74:             CCPR1L = (ADRESH >> 1) + 124;
   658  0023  081E               	movf	30,w	;volatile
   659  0024  00F0               	movwf	??_isr
   660  0025  1003               	clrc
   661  0026  0C70               	rrf	??_isr,w
   662  0027  3E7C               	addlw	124
   663  0028  0095               	movwf	21	;volatile
   664                           
   665                           ;Lab09.c: 75:             CCP1CONbits.DC1B1 = ADRESH & 0b01;
   666  0029  081E               	movf	30,w	;volatile
   667  002A  3901               	andlw	1
   668  002B  00F0               	movwf	??_isr
   669  002C  0EF0               	swapf	??_isr,f
   670  002D  0DF0               	rlf	??_isr,f
   671  002E  0817               	movf	23,w	;volatile
   672  002F  0670               	xorwf	??_isr,w
   673  0030  39DF               	andlw	-33
   674  0031  0670               	xorwf	??_isr,w
   675  0032  0097               	movwf	23	;volatile
   676                           
   677                           ;Lab09.c: 76:             CCP1CONbits.DC1B0 = (ADRESL>>7);
   678  0033  1683               	bsf	3,5	;RP0=1, select bank1
   679  0034  1303               	bcf	3,6	;RP1=0, select bank1
   680  0035  081E               	movf	30,w	;volatile
   681  0036  00F0               	movwf	??_isr
   682  0037  3007               	movlw	7
   683  0038                     u4_25:
   684  0038  1003               	clrc
   685  0039  0CF0               	rrf	??_isr,f
   686  003A  3EFF               	addlw	-1
   687  003B  1D03               	skipz
   688  003C  2838               	goto	u4_25
   689  003D  0870               	movf	??_isr,w
   690  003E  00F1               	movwf	??_isr+1
   691  003F  0EF1               	swapf	??_isr+1,f
   692  0040  1283               	bcf	3,5	;RP0=0, select bank0
   693  0041  1303               	bcf	3,6	;RP1=0, select bank0
   694  0042  0817               	movf	23,w	;volatile
   695  0043  0671               	xorwf	??_isr+1,w
   696  0044  39EF               	andlw	-17
   697  0045  0671               	xorwf	??_isr+1,w
   698  0046  0097               	movwf	23	;volatile
   699                           
   700                           ;Lab09.c: 77:         }
   701  0047  286C               	goto	i1l50
   702  0048                     i1l723:
   703                           
   704                           ;Lab09.c: 79:             CCPR2L = (ADRESH >> 1) + 124;
   705  0048  081E               	movf	30,w	;volatile
   706  0049  00F0               	movwf	??_isr
   707  004A  1003               	clrc
   708  004B  0C70               	rrf	??_isr,w
   709  004C  3E7C               	addlw	124
   710  004D  009B               	movwf	27	;volatile
   711                           
   712                           ;Lab09.c: 80:             CCP2CONbits.DC2B1 = ADRESH & 0b01;
   713  004E  081E               	movf	30,w	;volatile
   714  004F  3901               	andlw	1
   715  0050  00F0               	movwf	??_isr
   716  0051  0EF0               	swapf	??_isr,f
   717  0052  0DF0               	rlf	??_isr,f
   718  0053  081D               	movf	29,w	;volatile
   719  0054  0670               	xorwf	??_isr,w
   720  0055  39DF               	andlw	-33
   721  0056  0670               	xorwf	??_isr,w
   722  0057  009D               	movwf	29	;volatile
   723                           
   724                           ;Lab09.c: 81:             CCP2CONbits.DC2B0 = (ADRESL>>7);
   725  0058  1683               	bsf	3,5	;RP0=1, select bank1
   726  0059  1303               	bcf	3,6	;RP1=0, select bank1
   727  005A  081E               	movf	30,w	;volatile
   728  005B  00F0               	movwf	??_isr
   729  005C  3007               	movlw	7
   730  005D                     u5_25:
   731  005D  1003               	clrc
   732  005E  0CF0               	rrf	??_isr,f
   733  005F  3EFF               	addlw	-1
   734  0060  1D03               	skipz
   735  0061  285D               	goto	u5_25
   736  0062  0870               	movf	??_isr,w
   737  0063  00F1               	movwf	??_isr+1
   738  0064  0EF1               	swapf	??_isr+1,f
   739  0065  1283               	bcf	3,5	;RP0=0, select bank0
   740  0066  1303               	bcf	3,6	;RP1=0, select bank0
   741  0067  081D               	movf	29,w	;volatile
   742  0068  0671               	xorwf	??_isr+1,w
   743  0069  39EF               	andlw	-17
   744  006A  0671               	xorwf	??_isr+1,w
   745  006B  009D               	movwf	29	;volatile
   746  006C                     i1l50:
   747  006C  0873               	movf	??_isr+3,w
   748  006D  008A               	movwf	10
   749  006E  0E72               	swapf	??_isr+2,w
   750  006F  0083               	movwf	3
   751  0070  0EFE               	swapf	btemp,f
   752  0071  0E7E               	swapf	btemp,w
   753  0072  0009               	retfie
   754  0073                     __end_of_isr:
   755  007E                     btemp	set	126	;btemp
   756  007E                     wtemp0	set	126
   757                           
   758                           	psect	intentry
   759  0004                     __pintentry:	
   760                           ;incstack = 0
   761                           ; Regs used in _isr: [wreg+status,2+status,0]
   762                           
   763  0004                     interrupt_function:
   764  007E                     saved_w	set	btemp
   765  0004  00FE               	movwf	btemp
   766  0005  0E03               	swapf	3,w
   767  0006  00F2               	movwf	??_isr+2
   768  0007  080A               	movf	10,w
   769  0008  00F3               	movwf	??_isr+3
   770  0009  120A  118A  2813   	ljmp	_isr
   771                           
   772                           	psect	config
   773                           
   774                           ;Config register CONFIG1 @ 0x2007
   775                           ;	Oscillator Selection bits
   776                           ;	FOSC = INTRC_NOCLKOUT, INTOSCIO oscillator: I/O function on RA6/OSC2/CLKOUT pin, I/O f
      +                          unction on RA7/OSC1/CLKIN
   777                           ;	Watchdog Timer Enable bit
   778                           ;	WDTE = OFF, WDT disabled and can be enabled by SWDTEN bit of the WDTCON register
   779                           ;	Power-up Timer Enable bit
   780                           ;	PWRTE = OFF, PWRT disabled
   781                           ;	RE3/MCLR pin function select bit
   782                           ;	MCLRE = OFF, RE3/MCLR pin function is digital input, MCLR internally tied to VDD
   783                           ;	Code Protection bit
   784                           ;	CP = OFF, Program memory code protection is disabled
   785                           ;	Data Code Protection bit
   786                           ;	CPD = OFF, Data memory code protection is disabled
   787                           ;	Brown Out Reset Selection bits
   788                           ;	BOREN = OFF, BOR disabled
   789                           ;	Internal External Switchover bit
   790                           ;	IESO = OFF, Internal/External Switchover mode is disabled
   791                           ;	Fail-Safe Clock Monitor Enabled bit
   792                           ;	FCMEN = OFF, Fail-Safe Clock Monitor is disabled
   793                           ;	Low Voltage Programming Enable bit
   794                           ;	LVP = ON, RB3/PGM pin has PGM function, low voltage programming enabled
   795                           ;	In-Circuit Debugger Mode bit
   796                           ;	DEBUG = 0x1, unprogrammed default
   797  2007                     	org	8199
   798  2007  30D4               	dw	12500
   799                           
   800                           ;Config register CONFIG2 @ 0x2008
   801                           ;	Brown-out Reset Selection bit
   802                           ;	BOR4V = BOR40V, Brown-out Reset set to 4.0V
   803                           ;	Flash Program Memory Self Write Enable bits
   804                           ;	WRT = OFF, Write protection off
   805  2008                     	org	8200
   806  2008  3FFF               	dw	16383

Data Sizes:
    Strings     0
    Constant    0
    Data        0
    BSS         0
    Persistent  0
    Stack       0

Auto Spaces:
    Space          Size  Autos    Used
    COMMON           14      6       6
    BANK0            80      0       0
    BANK1            80      0       0
    BANK3            96      0       0
    BANK2            96      0       0

Pointer List with Targets:

    None.

Critical Paths under _main in COMMON

    _main->_setup

Critical Paths under _isr in COMMON

    None.

Critical Paths under _main in BANK0

    None.

Critical Paths under _isr in BANK0

    None.

Critical Paths under _main in BANK1

    None.

Critical Paths under _isr in BANK1

    None.

Critical Paths under _main in BANK3

    None.

Critical Paths under _isr in BANK3

    None.

Critical Paths under _main in BANK2

    None.

Critical Paths under _isr in BANK2

    None.

Call Graph Tables:

 ---------------------------------------------------------------------------------
 (Depth) Function   	        Calls       Base Space   Used Autos Params    Refs
 ---------------------------------------------------------------------------------
 (0) _main                                                 1     1      0       0
                                              5 COMMON     1     1      0
                              _setup
 ---------------------------------------------------------------------------------
 (1) _setup                                                1     1      0       0
                                              4 COMMON     1     1      0
 ---------------------------------------------------------------------------------
 Estimated maximum stack depth 1
 ---------------------------------------------------------------------------------
 (Depth) Function   	        Calls       Base Space   Used Autos Params    Refs
 ---------------------------------------------------------------------------------
 (2) _isr                                                  4     4      0       0
                                              0 COMMON     4     4      0
 ---------------------------------------------------------------------------------
 Estimated maximum stack depth 2
 ---------------------------------------------------------------------------------

 Call Graph Graphs:

 _main (ROOT)
   _setup

 _isr (ROOT)

 Address spaces:
Name               Size   Autos  Total    Cost      Usage
BITCOMMON            E      0       0       0        0.0%
EEDATA             100      0       0       0        0.0%
NULL                 0      0       0       0        0.0%
CODE                 0      0       0       0        0.0%
COMMON               E      6       6       1       42.9%
BITSFR0              0      0       0       1        0.0%
SFR0                 0      0       0       1        0.0%
BITSFR1              0      0       0       2        0.0%
SFR1                 0      0       0       2        0.0%
STACK                0      0       0       2        0.0%
ABS                  0      0       0       3        0.0%
BITBANK0            50      0       0       4        0.0%
BITSFR3              0      0       0       4        0.0%
SFR3                 0      0       0       4        0.0%
BANK0               50      0       0       5        0.0%
BITSFR2              0      0       0       5        0.0%
SFR2                 0      0       0       5        0.0%
BITBANK1            50      0       0       6        0.0%
BANK1               50      0       0       7        0.0%
BITBANK3            60      0       0       8        0.0%
BANK3               60      0       0       9        0.0%
BITBANK2            60      0       0      10        0.0%
BANK2               60      0       0      11        0.0%
DATA                 0      0       0      12        0.0%


Microchip Technology PIC Macro Assembler V2.31 build 20201012212115 
Symbol Table                                                                                   Sun May 02 21:28:05 2021

                     l64 00B3                       l66 00B7                       l67 00C3  
                     u10 00B7                       u11 00B6                       u60 00CF  
                     u61 00CE                       u70 00D8                       u71 00D7  
                     u87 00E3                       u97 0090                      l701 00A9  
                    l711 00B0                      l703 00AB                      l713 00B2  
                    l705 00AD                      l707 00AE                      l731 00D8  
                    l709 00AF                      l661 0077                      l733 00DD  
                    l725 00C4                      l671 0080                      l663 0078  
                    l735 00E1                      l727 00C9                      l681 008A  
                    l673 0081                      l665 007D                      l737 00E5  
                    l729 00CF                      l691 0099                      l683 008E  
                    l675 0082                      l667 007E                      l659 0073  
                    l693 009B                      l685 0092                      l677 0083  
                    l669 007F                      l695 009F                      l687 0095  
                    l679 0084                      l697 00A3                      l689 0098  
                    l699 00A7                      _PR2 0092                      _isr 0013  
                   ?_isr 0070                     i1l50 006C                     u2_20 0019  
                   u2_21 0018                     u3_20 0023                     u3_21 0022  
                   u4_25 0038                     u5_25 005D                     _main 00C4  
                   btemp 007E                     start 000C                    ??_isr 0070  
                  ?_main 0070                    _ANSEL 0188                    i1l721 0023  
                  i1l723 0048                    i1l715 0013                    i1l717 0019  
                  i1l719 001A                    _TRISC 0087                    _TRISE 0089  
                  _setup 0073                    pclath 000A                    status 0003  
                  wtemp0 007E          __initialization 000F             __end_of_main 00EC  
                 ??_main 0075                   _ADRESH 001E                   _ADRESL 009E  
                 _CCPR1L 0015                   _CCPR2L 001B                   ?_setup 0070  
                 _ANSELH 0189                   saved_w 007E  __end_of__initialization 000F  
         __pcstackCOMMON 0070            __end_of_setup 00C4                  ??_setup 0074  
             __pmaintext 00C4               __pintentry 0004                  __ptext1 0073  
                __ptext2 0013                _T2CONbits 0012             __size_of_isr 0060  
   end_of_initialization 000F                _TRISCbits 0087              _CCP1CONbits 0017  
            _CCP2CONbits 001D      start_initialization 000F              __end_of_isr 0073  
              ___latbits 0002           __size_of_setup 0051        interrupt_function 0004  
               _PIE1bits 008C                 _PIR1bits 000C               _ADCON0bits 001F  
             _ADCON1bits 009F            __size_of_main 0028               _INTCONbits 000B  
               intlevel1 0000               _OSCCONbits 008F  
